#
# There is insufficient memory for the Java Runtime Environment to continue.
# Native memory allocation (malloc) failed to allocate 813696 bytes for Chunk::new
# Possible reasons:
#   The system is out of physical RAM or swap space
#   In 32 bit mode, the process size limit was hit
# Possible solutions:
#   Reduce memory load on the system
#   Increase physical memory or swap space
#   Check if swap backing store is full
#   Use 64 bit Java on a 64 bit OS
#   Decrease Java heap size (-Xmx/-Xms)
#   Decrease number of Java threads
#   Decrease Java thread stack sizes (-Xss)
#   Set larger code cache with -XX:ReservedCodeCacheSize=
# This output file may be truncated or incomplete.
#
#  Out of Memory Error (allocation.cpp:388), pid=9448, tid=11380
#
# JRE version: Java(TM) SE Runtime Environment (8.0_05-b13) (build 1.8.0_05-b13)
# Java VM: Java HotSpot(TM) 64-Bit Server VM (25.5-b02 mixed mode windows-amd64 compressed oops)
# Failed to write core dump. Minidumps are not enabled by default on client versions of Windows
#

---------------  T H R E A D  ---------------

Current thread (0x0000000015bbc800):  JavaThread "C2 CompilerThread0" daemon [_thread_in_native, id=11380, stack(0x0000000017510000,0x0000000017610000)]

Stack: [0x0000000017510000,0x0000000017610000]
Native frames: (J=compiled Java code, j=interpreted, Vv=VM code, C=native code)
V  [jvm.dll+0x308dea]


Current CompileTask:
C2:   8062 1394       4       com.android.dx.ssa.SCCP::simulatePhiBlock (50 bytes)


---------------  P R O C E S S  ---------------

Java Threads: ( => current thread )
  0x0000000016f6c800 JavaThread "Service Thread" daemon [_thread_blocked, id=2588, stack(0x0000000017810000,0x0000000017910000)]
  0x0000000016f69800 JavaThread "C1 CompilerThread2" daemon [_thread_blocked, id=10664, stack(0x0000000017710000,0x0000000017810000)]
  0x0000000016f67000 JavaThread "C2 CompilerThread1" daemon [_thread_in_native, id=11424, stack(0x0000000017610000,0x0000000017710000)]
=>0x0000000015bbc800 JavaThread "C2 CompilerThread0" daemon [_thread_in_native, id=11380, stack(0x0000000017510000,0x0000000017610000)]
  0x0000000015bbc000 JavaThread "Attach Listener" daemon [_thread_blocked, id=11624, stack(0x0000000017410000,0x0000000017510000)]
  0x0000000015bb1000 JavaThread "Signal Dispatcher" daemon [_thread_blocked, id=7244, stack(0x0000000017310000,0x0000000017410000)]
  0x00000000034bf000 JavaThread "Finalizer" daemon [_thread_blocked, id=4344, stack(0x0000000016e10000,0x0000000016f10000)]
  0x0000000015b68000 JavaThread "Reference Handler" daemon [_thread_blocked, id=6720, stack(0x0000000016d10000,0x0000000016e10000)]
  0x00000000033d2800 JavaThread "main" [_thread_in_vm, id=10212, stack(0x00000000032d0000,0x00000000033d0000)]

Other Threads:
  0x0000000015b66800 VMThread [stack: 0x0000000016c10000,0x0000000016d10000] [id=11240]
  0x0000000016f6f000 WatcherThread [stack: 0x0000000017910000,0x0000000017a10000] [id=4624]

VM state:not at safepoint (normal execution)

VM Mutex/Monitor currently owned by a thread: None

Heap:
 PSYoungGen      total 13824K, used 12184K [0x00000000eab00000, 0x00000000ec000000, 0x0000000100000000)
  eden space 10752K, 85% used [0x00000000eab00000,0x00000000eb3ecea8,0x00000000eb580000)
  from space 3072K, 99% used [0x00000000eba00000,0x00000000ebcf91d0,0x00000000ebd00000)
  to   space 4608K, 0% used [0x00000000eb580000,0x00000000eb580000,0x00000000eba00000)
 ParOldGen       total 129536K, used 4948K [0x00000000c0000000, 0x00000000c7e80000, 0x00000000eab00000)
  object space 129536K, 3% used [0x00000000c0000000,0x00000000c04d51b0,0x00000000c7e80000)
 Metaspace       used 5493K, capacity 6768K, committed 7040K, reserved 1056768K
  class space    used 552K, capacity 616K, committed 640K, reserved 1048576K

Card table byte_map: [0x0000000012890000,0x0000000012aa0000] byte_map_base: 0x0000000012290000

Marking Bits: (ParMarkBitMap*) 0x00000000556913b0
 Begin Bits: [0x0000000013000000, 0x0000000014000000)
 End Bits:   [0x0000000014000000, 0x0000000015000000)

Polling page: 0x00000000012e0000

CodeCache: size=245760Kb used=5812Kb max_used=5819Kb free=239947Kb
 bounds [0x00000000034d0000, 0x0000000003a90000, 0x00000000124d0000]
 total_blobs=1655 nmethods=1393 adapters=176
 compilation: enabled

Compilation events (10 events):
Event: 8.021 Thread 0x0000000015bbc800 nmethod 1388 0x0000000003a7ee90 code [0x0000000003a7f280, 0x0000000003a814e8]
Event: 8.022 Thread 0x0000000015bbc800 1391       4       java.util.Collections$UnmodifiableCollection$1::<init> (26 bytes)
Event: 8.024 Thread 0x0000000015bbc800 nmethod 1391 0x0000000003a74410 code [0x0000000003a74580, 0x0000000003a747d8]
Event: 8.024 Thread 0x0000000015bbc800 1392       4       java.util.Collections$UnmodifiableCollection::iterator (9 bytes)
Event: 8.024 Thread 0x0000000016f69800 1393       3       com.android.dx.ssa.SCCP::simulateMath (424 bytes)
Event: 8.025 Thread 0x0000000016f69800 nmethod 1393 0x0000000003a71e10 code [0x0000000003a720c0, 0x0000000003a73968]
Event: 8.026 Thread 0x0000000015bbc800 nmethod 1392 0x0000000003a71710 code [0x0000000003a71880, 0x0000000003a71b38]
Event: 8.026 Thread 0x0000000015bbc800 1394       4       com.android.dx.ssa.SCCP::simulatePhiBlock (50 bytes)
Event: 8.054 Thread 0x0000000016f69800 1396       2       com.android.dx.ssa.LiteralOpUpgrader::tryReplacingWithConstant (161 bytes)
Event: 8.055 Thread 0x0000000016f69800 nmethod 1396 0x0000000003a63350 code [0x0000000003a63560, 0x0000000003a63b58]

GC Heap History (10 events):
Event: 5.427 GC heap before
{Heap before GC invocations=6 (full 0):
 PSYoungGen      total 2560K, used 2537K [0x00000000eab00000, 0x00000000eb200000, 0x0000000100000000)
  eden space 2048K, 100% used [0x00000000eab00000,0x00000000ead00000,0x00000000ead00000)
  from space 512K, 95% used [0x00000000ead00000,0x00000000ead7a630,0x00000000ead80000)
  to   space 1536K, 0% used [0x00000000eb080000,0x00000000eb080000,0x00000000eb200000)
 ParOldGen       total 129536K, used 1508K [0x00000000c0000000, 0x00000000c7e80000, 0x00000000eab00000)
  object space 129536K, 1% used [0x00000000c0000000,0x00000000c0179118,0x00000000c7e80000)
 Metaspace       used 4864K, capacity 6224K, committed 6528K, reserved 1056768K
  class space    used 537K, capacity 584K, committed 640K, reserved 1048576K
Event: 5.431 GC heap after
Heap after GC invocations=6 (full 0):
 PSYoungGen      total 5632K, used 1274K [0x00000000eab00000, 0x00000000eb200000, 0x0000000100000000)
  eden space 4096K, 0% used [0x00000000eab00000,0x00000000eab00000,0x00000000eaf00000)
  from space 1536K, 82% used [0x00000000eb080000,0x00000000eb1be980,0x00000000eb200000)
  to   space 1536K, 0% used [0x00000000eaf00000,0x00000000eaf00000,0x00000000eb080000)
 ParOldGen       total 129536K, used 1508K [0x00000000c0000000, 0x00000000c7e80000, 0x00000000eab00000)
  object space 129536K, 1% used [0x00000000c0000000,0x00000000c0179118,0x00000000c7e80000)
 Metaspace       used 4864K, capacity 6224K, committed 6528K, reserved 1056768K
  class space    used 537K, capacity 584K, committed 640K, reserved 1048576K
}
Event: 6.687 GC heap before
{Heap before GC invocations=7 (full 0):
 PSYoungGen      total 5632K, used 5370K [0x00000000eab00000, 0x00000000eb200000, 0x0000000100000000)
  eden space 4096K, 100% used [0x00000000eab00000,0x00000000eaf00000,0x00000000eaf00000)
  from space 1536K, 82% used [0x00000000eb080000,0x00000000eb1be980,0x00000000eb200000)
  to   space 1536K, 0% used [0x00000000eaf00000,0x00000000eaf00000,0x00000000eb080000)
 ParOldGen       total 129536K, used 1508K [0x00000000c0000000, 0x00000000c7e80000, 0x00000000eab00000)
  object space 129536K, 1% used [0x00000000c0000000,0x00000000c0179118,0x00000000c7e80000)
 Metaspace       used 5253K, capacity 6576K, committed 6784K, reserved 1056768K
  class space    used 549K, capacity 616K, committed 640K, reserved 1048576K
Event: 6.701 GC heap after
Heap after GC invocations=7 (full 0):
 PSYoungGen      total 5632K, used 1504K [0x00000000eab00000, 0x00000000eb700000, 0x0000000100000000)
  eden space 4096K, 0% used [0x00000000eab00000,0x00000000eab00000,0x00000000eaf00000)
  from space 1536K, 97% used [0x00000000eaf00000,0x00000000eb078018,0x00000000eb080000)
  to   space 2048K, 0% used [0x00000000eb500000,0x00000000eb500000,0x00000000eb700000)
 ParOldGen       total 129536K, used 2120K [0x00000000c0000000, 0x00000000c7e80000, 0x00000000eab00000)
  object space 129536K, 1% used [0x00000000c0000000,0x00000000c02122a0,0x00000000c7e80000)
 Metaspace       used 5253K, capacity 6576K, committed 6784K, reserved 1056768K
  class space    used 549K, capacity 616K, committed 640K, reserved 1048576K
}
Event: 6.874 GC heap before
{Heap before GC invocations=8 (full 0):
 PSYoungGen      total 5632K, used 5600K [0x00000000eab00000, 0x00000000eb700000, 0x0000000100000000)
  eden space 4096K, 100% used [0x00000000eab00000,0x00000000eaf00000,0x00000000eaf00000)
  from space 1536K, 97% used [0x00000000eaf00000,0x00000000eb078018,0x00000000eb080000)
  to   space 2048K, 0% used [0x00000000eb500000,0x00000000eb500000,0x00000000eb700000)
 ParOldGen       total 129536K, used 2120K [0x00000000c0000000, 0x00000000c7e80000, 0x00000000eab00000)
  object space 129536K, 1% used [0x00000000c0000000,0x00000000c02122a0,0x00000000c7e80000)
 Metaspace       used 5341K, capacity 6704K, committed 6784K, reserved 1056768K
  class space    used 550K, capacity 616K, committed 640K, reserved 1048576K
Event: 6.889 GC heap after
Heap after GC invocations=8 (full 0):
 PSYoungGen      total 9728K, used 2033K [0x00000000eab00000, 0x00000000eb800000, 0x0000000100000000)
  eden space 7680K, 0% used [0x00000000eab00000,0x00000000eab00000,0x00000000eb280000)
  from space 2048K, 99% used [0x00000000eb500000,0x00000000eb6fc450,0x00000000eb700000)
  to   space 2560K, 0% used [0x00000000eb280000,0x00000000eb280000,0x00000000eb500000)
 ParOldGen       total 129536K, used 2208K [0x00000000c0000000, 0x00000000c7e80000, 0x00000000eab00000)
  object space 129536K, 1% used [0x00000000c0000000,0x00000000c02282a0,0x00000000c7e80000)
 Metaspace       used 5341K, capacity 6704K, committed 6784K, reserved 1056768K
  class space    used 550K, capacity 616K, committed 640K, reserved 1048576K
}
Event: 7.423 GC heap before
{Heap before GC invocations=9 (full 0):
 PSYoungGen      total 9728K, used 9713K [0x00000000eab00000, 0x00000000eb800000, 0x0000000100000000)
  eden space 7680K, 100% used [0x00000000eab00000,0x00000000eb280000,0x00000000eb280000)
  from space 2048K, 99% used [0x00000000eb500000,0x00000000eb6fc450,0x00000000eb700000)
  to   space 2560K, 0% used [0x00000000eb280000,0x00000000eb280000,0x00000000eb500000)
 ParOldGen       total 129536K, used 2208K [0x00000000c0000000, 0x00000000c7e80000, 0x00000000eab00000)
  object space 129536K, 1% used [0x00000000c0000000,0x00000000c02282a0,0x00000000c7e80000)
 Metaspace       used 5393K, capacity 6704K, committed 6784K, reserved 1056768K
  class space    used 550K, capacity 616K, committed 640K, reserved 1048576K
Event: 7.429 GC heap after
Heap after GC invocations=9 (full 0):
 PSYoungGen      total 10240K, used 2529K [0x00000000eab00000, 0x00000000ebd00000, 0x0000000100000000)
  eden space 7680K, 0% used [0x00000000eab00000,0x00000000eab00000,0x00000000eb280000)
  from space 2560K, 98% used [0x00000000eb280000,0x00000000eb4f8448,0x00000000eb500000)
  to   space 3072K, 0% used [0x00000000eba00000,0x00000000eba00000,0x00000000ebd00000)
 ParOldGen       total 129536K, used 3009K [0x00000000c0000000, 0x00000000c7e80000, 0x00000000eab00000)
  object space 129536K, 2% used [0x00000000c0000000,0x00000000c02f0660,0x00000000c7e80000)
 Metaspace       used 5393K, capacity 6704K, committed 6784K, reserved 1056768K
  class space    used 550K, capacity 616K, committed 640K, reserved 1048576K
}
Event: 7.779 GC heap before
{Heap before GC invocations=10 (full 0):
 PSYoungGen      total 10240K, used 10209K [0x00000000eab00000, 0x00000000ebd00000, 0x0000000100000000)
  eden space 7680K, 100% used [0x00000000eab00000,0x00000000eb280000,0x00000000eb280000)
  from space 2560K, 98% used [0x00000000eb280000,0x00000000eb4f8448,0x00000000eb500000)
  to   space 3072K, 0% used [0x00000000eba00000,0x00000000eba00000,0x00000000ebd00000)
 ParOldGen       total 129536K, used 3009K [0x00000000c0000000, 0x00000000c7e80000, 0x00000000eab00000)
  object space 129536K, 2% used [0x00000000c0000000,0x00000000c02f0660,0x00000000c7e80000)
 Metaspace       used 5468K, capacity 6768K, committed 7040K, reserved 1056768K
  class space    used 550K, capacity 616K, committed 640K, reserved 1048576K
Event: 7.787 GC heap after
Heap after GC invocations=10 (full 0):
 PSYoungGen      total 13824K, used 3044K [0x00000000eab00000, 0x00000000ec000000, 0x0000000100000000)
  eden space 10752K, 0% used [0x00000000eab00000,0x00000000eab00000,0x00000000eb580000)
  from space 3072K, 99% used [0x00000000eba00000,0x00000000ebcf91d0,0x00000000ebd00000)
  to   space 4608K, 0% used [0x00000000eb580000,0x00000000eb580000,0x00000000eba00000)
 ParOldGen       total 129536K, used 4948K [0x00000000c0000000, 0x00000000c7e80000, 0x00000000eab00000)
  object space 129536K, 3% used [0x00000000c0000000,0x00000000c04d51b0,0x00000000c7e80000)
 Metaspace       used 5468K, capacity 6768K, committed 7040K, reserved 1056768K
  class space    used 550K, capacity 616K, committed 640K, reserved 1048576K
}

Deoptimization events (10 events):
Event: 6.858 Thread 0x00000000033d2800 Uncommon trap: reason=unreached action=reinterpret pc=0x00000000038d8598 method=java.util.HashMap.putVal(ILjava/lang/Object;Ljava/lang/Object;ZZ)Ljava/lang/Object; @ 193
Event: 6.861 Thread 0x00000000033d2800 Uncommon trap: reason=unreached action=reinterpret pc=0x00000000038d2aa8 method=com.android.dx.ssa.SsaMethod.onSourcesChanged(Lcom/android/dx/ssa/SsaInsn;Lcom/android/dx/rop/code/RegisterSpecList;)V @ 4
Event: 6.908 Thread 0x00000000033d2800 Uncommon trap: reason=class_check action=maybe_recompile pc=0x000000000383d38c method=com.android.dx.ssa.NormalSsaInsn.accept(Lcom/android/dx/ssa/SsaInsn$Visitor;)V @ 9
Event: 6.908 Thread 0x00000000033d2800 Uncommon trap: reason=class_check action=maybe_recompile pc=0x000000000383d38c method=com.android.dx.ssa.NormalSsaInsn.accept(Lcom/android/dx/ssa/SsaInsn$Visitor;)V @ 9
Event: 6.908 Thread 0x00000000033d2800 Uncommon trap: reason=class_check action=maybe_recompile pc=0x000000000383d38c method=com.android.dx.ssa.NormalSsaInsn.accept(Lcom/android/dx/ssa/SsaInsn$Visitor;)V @ 9
Event: 6.908 Thread 0x00000000033d2800 Uncommon trap: reason=class_check action=maybe_recompile pc=0x000000000383d38c method=com.android.dx.ssa.NormalSsaInsn.accept(Lcom/android/dx/ssa/SsaInsn$Visitor;)V @ 9
Event: 6.908 Thread 0x00000000033d2800 Uncommon trap: reason=class_check action=maybe_recompile pc=0x00000000037e5930 method=com.android.dx.ssa.NormalSsaInsn.accept(Lcom/android/dx/ssa/SsaInsn$Visitor;)V @ 9
Event: 6.912 Thread 0x00000000033d2800 Uncommon trap: reason=unreached action=reinterpret pc=0x000000000386835c method=com.android.dx.rop.cst.Constant.compareTo(Lcom/android/dx/rop/cst/Constant;)I @ 12
Event: 6.925 Thread 0x00000000033d2800 Uncommon trap: reason=unreached action=reinterpret pc=0x000000000390209c method=com.android.dx.ssa.SsaMethod.updateOneDefinition(Lcom/android/dx/ssa/SsaInsn;Lcom/android/dx/rop/code/RegisterSpec;)V @ 4
Event: 7.538 Thread 0x00000000033d2800 Uncommon trap: reason=unloaded action=reinterpret pc=0x0000000003975f5c method=com.android.dx.cf.cst.ConstantPoolParser.parse0(ILjava/util/BitSet;)Lcom/android/dx/rop/cst/Constant; @ 345

Internal exceptions (10 events):
Event: 6.442 Thread 0x00000000033d2800 Exception <a 'java/security/PrivilegedActionException'> (0x00000000ead9fad8) thrown at [D:\re\workspace\8-2-build-windows-amd64-cygwin\jdk8u5\2488\hotspot\src\share\vm\prims\jvm.cpp, line 1248]
Event: 6.442 Thread 0x00000000033d2800 Exception <a 'java/security/PrivilegedActionException'> (0x00000000eada2b68) thrown at [D:\re\workspace\8-2-build-windows-amd64-cygwin\jdk8u5\2488\hotspot\src\share\vm\prims\jvm.cpp, line 1248]
Event: 6.444 Thread 0x00000000033d2800 Exception <a 'java/security/PrivilegedActionException'> (0x00000000eadaff08) thrown at [D:\re\workspace\8-2-build-windows-amd64-cygwin\jdk8u5\2488\hotspot\src\share\vm\prims\jvm.cpp, line 1248]
Event: 6.446 Thread 0x00000000033d2800 Exception <a 'java/security/PrivilegedActionException'> (0x00000000eadc3578) thrown at [D:\re\workspace\8-2-build-windows-amd64-cygwin\jdk8u5\2488\hotspot\src\share\vm\prims\jvm.cpp, line 1248]
Event: 6.447 Thread 0x00000000033d2800 Exception <a 'java/security/PrivilegedActionException'> (0x00000000eadcdbd0) thrown at [D:\re\workspace\8-2-build-windows-amd64-cygwin\jdk8u5\2488\hotspot\src\share\vm\prims\jvm.cpp, line 1248]
Event: 6.460 Thread 0x00000000033d2800 Exception <a 'java/security/PrivilegedActionException'> (0x00000000eaddb248) thrown at [D:\re\workspace\8-2-build-windows-amd64-cygwin\jdk8u5\2488\hotspot\src\share\vm\prims\jvm.cpp, line 1248]
Event: 6.478 Thread 0x00000000033d2800 Exception <a 'java/security/PrivilegedActionException'> (0x00000000eadee1f0) thrown at [D:\re\workspace\8-2-build-windows-amd64-cygwin\jdk8u5\2488\hotspot\src\share\vm\prims\jvm.cpp, line 1248]
Event: 6.479 Thread 0x00000000033d2800 Exception <a 'java/security/PrivilegedActionException'> (0x00000000eadf2ea0) thrown at [D:\re\workspace\8-2-build-windows-amd64-cygwin\jdk8u5\2488\hotspot\src\share\vm\prims\jvm.cpp, line 1248]
Event: 6.669 Thread 0x00000000033d2800 Exception <a 'java/security/PrivilegedActionException'> (0x00000000eae85528) thrown at [D:\re\workspace\8-2-build-windows-amd64-cygwin\jdk8u5\2488\hotspot\src\share\vm\prims\jvm.cpp, line 1248]
Event: 7.905 Thread 0x00000000033d2800 Exception <a 'java/security/PrivilegedActionException'> (0x00000000eaf42d78) thrown at [D:\re\workspace\8-2-build-windows-amd64-cygwin\jdk8u5\2488\hotspot\src\share\vm\prims\jvm.cpp, line 1248]

Events (10 events):
Event: 7.900 loading class java/util/TreeMap$EntrySet
Event: 7.900 loading class java/util/TreeMap$EntrySet done
Event: 7.900 loading class java/util/TreeMap$EntryIterator
Event: 7.900 loading class java/util/TreeMap$EntryIterator done
Event: 7.900 Executing VM operation: Deoptimize
Event: 7.900 Executing VM operation: Deoptimize done
Event: 7.905 loading class com/android/dx/rop/code/RegisterSpec$1
Event: 7.905 loading class com/android/dx/rop/code/RegisterSpec$1 done
Event: 7.925 Thread 0x00000000033d2800 DEOPT PACKING pc=0x00000000039b8ab5 sp=0x00000000033ce3e0
Event: 7.925 Thread 0x00000000033d2800 DEOPT UNPACKING pc=0x0000000003517604 sp=0x00000000033ce120 mode 0


Dynamic libraries:
0x00007ff7cb820000 - 0x00007ff7cb854000 	C:\Program Files\Java\jdk1.8.0_05\bin\java.exe
0x00007ffb38e00000 - 0x00007ffb38fd1000 	C:\WINDOWS\SYSTEM32\ntdll.dll
0x00007ffb365d0000 - 0x00007ffb3667b000 	C:\WINDOWS\System32\KERNEL32.DLL
0x00007ffb35640000 - 0x00007ffb3585d000 	C:\WINDOWS\System32\KERNELBASE.dll
0x00007ffb38d50000 - 0x00007ffb38df2000 	C:\WINDOWS\System32\ADVAPI32.dll
0x00007ffb36680000 - 0x00007ffb3671e000 	C:\WINDOWS\System32\msvcrt.dll
0x00007ffb36b60000 - 0x00007ffb36bb9000 	C:\WINDOWS\System32\sechost.dll
0x00007ffb36da0000 - 0x00007ffb36ec1000 	C:\WINDOWS\System32\RPCRT4.dll
0x00007ffb369f0000 - 0x00007ffb36b55000 	C:\WINDOWS\System32\USER32.dll
0x00007ffb35fa0000 - 0x00007ffb35fbe000 	C:\WINDOWS\System32\win32u.dll
0x00007ffb36cf0000 - 0x00007ffb36d24000 	C:\WINDOWS\System32\GDI32.dll
0x00007ffb35fc0000 - 0x00007ffb36142000 	C:\WINDOWS\System32\gdi32full.dll
0x00007ffb2e020000 - 0x00007ffb2e299000 	C:\WINDOWS\WinSxS\amd64_microsoft.windows.common-controls_6595b64144ccf1df_6.0.14393.0_none_2d0f50fcbdb171b8\COMCTL32.dll
0x00007ffb36720000 - 0x00007ffb369e7000 	C:\WINDOWS\System32\combase.dll
0x00007ffb353e0000 - 0x00007ffb354d5000 	C:\WINDOWS\System32\ucrtbase.dll
0x00007ffb36320000 - 0x00007ffb3638a000 	C:\WINDOWS\System32\bcryptPrimitives.dll
0x00007ffb38820000 - 0x00007ffb3884e000 	C:\WINDOWS\System32\IMM32.DLL
0x0000000054a70000 - 0x0000000054b42000 	C:\Program Files\Java\jdk1.8.0_05\jre\bin\msvcr100.dll
0x0000000054ee0000 - 0x000000005570a000 	C:\Program Files\Java\jdk1.8.0_05\jre\bin\server\jvm.dll
0x00007ffb36ed0000 - 0x00007ffb36ed8000 	C:\WINDOWS\System32\PSAPI.DLL
0x00007ffb32b30000 - 0x00007ffb32b39000 	C:\WINDOWS\SYSTEM32\WSOCK32.dll
0x00007ffb36d30000 - 0x00007ffb36d9a000 	C:\WINDOWS\System32\WS2_32.dll
0x00007ffb33240000 - 0x00007ffb33263000 	C:\WINDOWS\SYSTEM32\WINMM.dll
0x00007ffb331e0000 - 0x00007ffb3320b000 	C:\WINDOWS\SYSTEM32\WINMMBASE.dll
0x00007ffb35390000 - 0x00007ffb353d2000 	C:\WINDOWS\System32\cfgmgr32.dll
0x0000000055730000 - 0x000000005573f000 	C:\Program Files\Java\jdk1.8.0_05\jre\bin\verify.dll
0x0000000054eb0000 - 0x0000000054ed8000 	C:\Program Files\Java\jdk1.8.0_05\jre\bin\java.dll
0x0000000054e90000 - 0x0000000054ea6000 	C:\Program Files\Java\jdk1.8.0_05\jre\bin\zip.dll
0x00007ffb37310000 - 0x00007ffb38818000 	C:\WINDOWS\System32\SHELL32.dll
0x00007ffb35860000 - 0x00007ffb35f3a000 	C:\WINDOWS\System32\windows.storage.dll
0x00007ffb352a0000 - 0x00007ffb352ec000 	C:\WINDOWS\System32\powrprof.dll
0x00007ffb38850000 - 0x00007ffb388a2000 	C:\WINDOWS\System32\shlwapi.dll
0x00007ffb35260000 - 0x00007ffb3526f000 	C:\WINDOWS\System32\kernel.appcore.dll
0x00007ffb35590000 - 0x00007ffb35639000 	C:\WINDOWS\System32\shcore.dll
0x00007ffb35270000 - 0x00007ffb35284000 	C:\WINDOWS\System32\profapi.dll
0x00007ffb2a7b0000 - 0x00007ffb2a942000 	C:\WINDOWS\SYSTEM32\dbghelp.dll

VM Arguments:
jvm_args: -Djava.awt.headless=true -Xmx1024M -Dfile.encoding=x-windows-949 -Duser.country=KR -Duser.language=ko -Duser.variant 
java_command: com.android.dx.command.Main --dex --output C:\Users\user\AndroidStudioProjects\Hanyang\app\build\intermediates\pre-dexed\debug\debug_cdac38738dcb83a29c2a52b13f0726354d9bf48f.jar C:\Users\user\AndroidStudioProjects\Hanyang\app\build\intermediates\classes\debug
java_class_path (initial): F:\sdk\build-tools\21.1.2\lib\dx.jar
Launcher Type: SUN_STANDARD

Environment Variables:
JAVA_HOME=C:\Program Files\Java\jdk1.8.0_05
PATH=C:\ProgramData\Oracle\Java\javapath;C:\Program Files (x86)\NVIDIA Corporation\PhysX\Common;C:\Program Files (x86)\Intel\iCLS Client\;C:\Program Files\Intel\iCLS Client\;C:\WINDOWS\system32;C:\WINDOWS;C:\WINDOWS\System32\Wbem;C:\WINDOWS\System32\WindowsPowerShell\v1.0\;C:\Program Files (x86)\Skype\Phone\;C:\Program Files (x86)\Windows Kits\8.1\Windows Performance Toolkit\;C:\Program Files\Microsoft SQL Server\110\Tools\Binn\;C:\Program Files (x86)\Microsoft SDKs\TypeScript\1.0\;C:\Program Files\Microsoft SQL Server\120\Tools\Binn\;C:\Program Files\Intel\Intel(R) Management Engine Components\DAL;C:\Program Files\Intel\Intel(R) Management Engine Components\IPT;C:\Program Files (x86)\Intel\Intel(R) Management Engine Components\DAL;C:\Program Files (x86)\Intel\Intel(R) Management Engine Components\IPT;C:\Python34;C:\Python34\Scripts;C:\Users\user\Anaconda3;C:\Users\user\Anaconda3\Scripts;C:\Users\user\Anaconda3\Library\bin;C:\Program Files\Java\jdk1.8.0_05\bin;C:\Users\user\Downloads\shell.w32-ix86;C:\Users\user\AppData\Local\atom\bin;C:\MinGW\bin;C:\Program Files\MongoDB\Server\3.2\bin;USERPROFILE\AppData\Local\Microsoft\WindowsApps
USERNAME=user
OS=Windows_NT
PROCESSOR_IDENTIFIER=Intel64 Family 6 Model 60 Stepping 3, GenuineIntel



---------------  S Y S T E M  ---------------

OS: Windows 8.1 , 64 bit Build 9600 

CPU:total 4 (4 cores per cpu, 1 threads per core) family 6 model 60 stepping 3, cmov, cx8, fxsr, mmx, sse, sse2, sse3, ssse3, sse4.1, sse4.2, popcnt, avx, avx2, aes, clmul, erms, tsc, tscinvbit

Memory: 4k page, physical 8342076k(1901192k free), swap 8342076k(5124k free)

vm_info: Java HotSpot(TM) 64-Bit Server VM (25.5-b02) for windows-amd64 JRE (1.8.0_05-b13), built on Mar 18 2014 01:08:39 by "java_re" with MS VC++ 10.0 (VS2010)

time: Wed Oct 05 13:10:17 2016
elapsed time: 8 seconds

